<?xml version="1.0" encoding="UTF-8"?>
<!-- Generated by org.testng.reporters.JUnitReportReporter -->
<testsuite hostname="DESKTOP-RMBO52O" failures="0" tests="1" name="alamelu.First_TestNG" time="0.007" errors="0" timestamp="2021-12-04T10:10:18 EST" skipped="0">
  <testcase classname="alamelu.First_TestNG" name="test" time="0.007"/>
  <system-out/>
</testsuite> <!-- alamelu.First_TestNG -->
